<?xml version="1.0" encoding="UTF-8"?>
<!-- Generated by org.testng.reporters.JUnitXMLReporter -->
<testsuite ignored="4" hostname="LTIN165600" failures="0" tests="7" name="ChromeTest" time="160.823" errors="0" timestamp="2024-02-28T20:26:51 IST">
  <testcase classname="testCases.TC_01_Identifynewbikes_01" name="bikeVerification" time="11.461"/>
  <testcase classname="testCases.TC_01_Identifynewbikes_01" name="bikeVerification1" time="22.593"/>
  <testcase classname="testCases.TC_01_Identifynewbikes_02" name="carVerification" time="37.008"/>
  <testcase classname="testCases.TC_01_Identifynewbikes_02" name="carVerification2" time="22.58"/>
  <testcase classname="testCases.TC_01_Identifynewbikes_02" name="carVerification3" time="8.426"/>
  <testcase classname="testCases.TC_01_Identifynewbikes_02" name="carVerification4" time="10.875"/>
  <testcase classname="testCases.TC_01_Identifynewbikes_03" name="googleVerification" time="24.76"/>
  <testcase classname="testbase.Baseclass" name="@BeforeTest openbrowser" time="0.0">
    <ignored/>
  </testcase> <!-- @BeforeTest openbrowser -->
  <testcase classname="testbase.Baseclass" name="@BeforeTest openbrowser" time="0.0">
    <ignored/>
  </testcase> <!-- @BeforeTest openbrowser -->
  <testcase classname="testbase.Baseclass" name="@AfterTest tearDown" time="0.0">
    <ignored/>
  </testcase> <!-- @AfterTest tearDown -->
  <testcase classname="testbase.Baseclass" name="@AfterTest tearDown" time="0.0">
    <ignored/>
  </testcase> <!-- @AfterTest tearDown -->
</testsuite> <!-- ChromeTest -->
