<?xml version="1.0" encoding="UTF-8"?>
<!-- Generated by org.testng.reporters.JUnitXMLReporter -->
<testsuite ignored="4" hostname="LTIN165600" failures="0" tests="3" name="EdgeTest" time="318.987" errors="0" timestamp="2024-02-27T15:24:30 IST">
  <testcase classname="testCases.TC_01_Identifynewbikes_01" name="bikeVerification" time="111.443"/>
  <testcase classname="testCases.TC_01_Identifynewbikes_02" name="carVerification" time="136.733"/>
  <testcase classname="testCases.TC_01_Identifynewbikes_03" name="googleVerification" time="50.878"/>
  <testcase classname="testbase.Baseclass" name="@AfterTest tearDown" time="0.0">
    <ignored/>
  </testcase> <!-- @AfterTest tearDown -->
  <testcase classname="testbase.Baseclass" name="@AfterTest tearDown" time="0.0">
    <ignored/>
  </testcase> <!-- @AfterTest tearDown -->
  <testcase classname="testbase.Baseclass" name="@BeforeTest setUp" time="0.0">
    <ignored/>
  </testcase> <!-- @BeforeTest setUp -->
  <testcase classname="testbase.Baseclass" name="@BeforeTest setUp" time="0.0">
    <ignored/>
  </testcase> <!-- @BeforeTest setUp -->
</testsuite> <!-- EdgeTest -->
