<?xml version="1.0" encoding="UTF-8"?>
<!-- Generated by org.testng.reporters.JUnitXMLReporter -->
<testsuite ignored="4" hostname="LTIN165600" failures="1" tests="7" name="ChromeTest" time="266.153" errors="0" timestamp="2024-02-28T15:56:44 IST">
  <testcase classname="testCases.TC_01_Identifynewbikes_01" name="bikeVerification" time="43.424"/>
  <testcase classname="testCases.TC_01_Identifynewbikes_01" name="bikeVerification1" time="19.787">
    <failure type="java.io.FileNotFoundException" message="C:\Users\2303874\OneDrive - Cognizant\Desktop\MainProject\testdata\Book1.xlsx (The process cannot access the file because it is being used by another process)">
      <![CDATA[java.io.FileNotFoundException: C:\Users\2303874\OneDrive - Cognizant\Desktop\MainProject\testdata\Book1.xlsx (The process cannot access the file because it is being used by another process)
at java.base/java.io.FileOutputStream.open0(Native Method)
at java.base/java.io.FileOutputStream.open(FileOutputStream.java:293)
at java.base/java.io.FileOutputStream.<init>(FileOutputStream.java:235)
at java.base/java.io.FileOutputStream.<init>(FileOutputStream.java:123)
at utilities.Excelutils.write(Excelutils.java:35)
at pageObject.Bikepage.verify(Bikepage.java:68)
at testCases.TC_01_Identifynewbikes_01.bikeVerification1(TC_01_Identifynewbikes_01.java:30)
at java.base/java.util.ArrayList.forEach(ArrayList.java:1511)
... Removed 31 stack frames]]>
    </failure>
  </testcase> <!-- bikeVerification1 -->
  <testcase classname="testCases.TC_01_Identifynewbikes_02" name="carVerification" time="58.709"/>
  <testcase classname="testCases.TC_01_Identifynewbikes_02" name="carVerification2" time="25.308"/>
  <testcase classname="testCases.TC_01_Identifynewbikes_02" name="carVerification3" time="9.64"/>
  <testcase classname="testCases.TC_01_Identifynewbikes_02" name="carVerification4" time="11.052"/>
  <testcase classname="testCases.TC_01_Identifynewbikes_03" name="googleVerification" time="75.33"/>
  <testcase classname="testbase.Baseclass" name="@BeforeTest openbrowser" time="0.0">
    <ignored/>
  </testcase> <!-- @BeforeTest openbrowser -->
  <testcase classname="testbase.Baseclass" name="@BeforeTest openbrowser" time="0.0">
    <ignored/>
  </testcase> <!-- @BeforeTest openbrowser -->
  <testcase classname="testbase.Baseclass" name="@AfterTest tearDown" time="0.0">
    <ignored/>
  </testcase> <!-- @AfterTest tearDown -->
  <testcase classname="testbase.Baseclass" name="@AfterTest tearDown" time="0.0">
    <ignored/>
  </testcase> <!-- @AfterTest tearDown -->
</testsuite> <!-- ChromeTest -->
