<?xml version="1.0" encoding="UTF-8"?>
<testng-results ignored="0" total="7" passed="6" failed="1" skipped="0">
  <reporter-output>
  </reporter-output>
  <suite started-at="2024-02-28T15:52:02 IST" name="Suite" finished-at="2024-02-28T15:56:28 IST" duration-ms="266153">
    <groups>
      <group name="regression">
        <method signature="TC_01_Identifynewbikes_01.bikeVerification1(java.lang.String)[pri:2, instance:testCases.TC_01_Identifynewbikes_01@58cbafc2]" name="bikeVerification1" class="testCases.TC_01_Identifynewbikes_01"/>
        <method signature="TC_01_Identifynewbikes_02.carVerification2(java.lang.String)[pri:2, instance:testCases.TC_01_Identifynewbikes_02@795509d9]" name="carVerification2" class="testCases.TC_01_Identifynewbikes_02"/>
        <method signature="TC_01_Identifynewbikes_02.carVerification3(java.lang.String)[pri:3, instance:testCases.TC_01_Identifynewbikes_02@795509d9]" name="carVerification3" class="testCases.TC_01_Identifynewbikes_02"/>
        <method signature="TC_01_Identifynewbikes_02.carVerification4(java.lang.String)[pri:4, instance:testCases.TC_01_Identifynewbikes_02@795509d9]" name="carVerification4" class="testCases.TC_01_Identifynewbikes_02"/>
      </group> <!-- regression -->
      <group name="sanity">
        <method signature="TC_01_Identifynewbikes_01.bikeVerification(java.lang.String)[pri:1, instance:testCases.TC_01_Identifynewbikes_01@58cbafc2]" name="bikeVerification" class="testCases.TC_01_Identifynewbikes_01"/>
        <method signature="TC_01_Identifynewbikes_02.carVerification(java.lang.String)[pri:1, instance:testCases.TC_01_Identifynewbikes_02@795509d9]" name="carVerification" class="testCases.TC_01_Identifynewbikes_02"/>
        <method signature="TC_01_Identifynewbikes_03.googleVerification(java.lang.String)[pri:1, instance:testCases.TC_01_Identifynewbikes_03@53045c6c]" name="googleVerification" class="testCases.TC_01_Identifynewbikes_03"/>
        <method signature="TC_01_Identifynewbikes_01.bikeVerification1(java.lang.String)[pri:2, instance:testCases.TC_01_Identifynewbikes_01@58cbafc2]" name="bikeVerification1" class="testCases.TC_01_Identifynewbikes_01"/>
        <method signature="TC_01_Identifynewbikes_02.carVerification2(java.lang.String)[pri:2, instance:testCases.TC_01_Identifynewbikes_02@795509d9]" name="carVerification2" class="testCases.TC_01_Identifynewbikes_02"/>
        <method signature="TC_01_Identifynewbikes_02.carVerification3(java.lang.String)[pri:3, instance:testCases.TC_01_Identifynewbikes_02@795509d9]" name="carVerification3" class="testCases.TC_01_Identifynewbikes_02"/>
        <method signature="TC_01_Identifynewbikes_02.carVerification4(java.lang.String)[pri:4, instance:testCases.TC_01_Identifynewbikes_02@795509d9]" name="carVerification4" class="testCases.TC_01_Identifynewbikes_02"/>
      </group> <!-- sanity -->
    </groups>
    <test started-at="2024-02-28T15:52:02 IST" name="ChromeTest" finished-at="2024-02-28T15:56:28 IST" duration-ms="266153">
      <class name="testCases.TC_01_Identifynewbikes_01">
        <test-method is-config="true" signature="openbrowser(java.lang.String,java.lang.String)[pri:0, instance:testCases.TC_01_Identifynewbikes_01@58cbafc2]" started-at="2024-02-28T15:52:03 IST" name="openbrowser" finished-at="2024-02-28T15:52:21 IST" duration-ms="18093" status="PASS">
          <params>
            <param index="0">
              <value>
                <![CDATA[windows]]>
              </value>
            </param>
            <param index="1">
              <value>
                <![CDATA[chrome]]>
              </value>
            </param>
          </params>
          <reporter-output>
          </reporter-output>
        </test-method> <!-- openbrowser -->
        <test-method signature="bikeVerification(java.lang.String)[pri:1, instance:testCases.TC_01_Identifynewbikes_01@58cbafc2]" started-at="2024-02-28T15:52:21 IST" name="bikeVerification" finished-at="2024-02-28T15:53:05 IST" duration-ms="43424" status="PASS">
          <params>
            <param index="0">
              <value>
                <![CDATA[chrome]]>
              </value>
            </param>
          </params>
          <reporter-output>
          </reporter-output>
        </test-method> <!-- bikeVerification -->
        <test-method signature="bikeVerification1(java.lang.String)[pri:2, instance:testCases.TC_01_Identifynewbikes_01@58cbafc2]" started-at="2024-02-28T15:53:05 IST" name="bikeVerification1" finished-at="2024-02-28T15:53:25 IST" duration-ms="19787" status="FAIL">
          <params>
            <param index="0">
              <value>
                <![CDATA[chrome]]>
              </value>
            </param>
          </params>
          <exception class="java.io.FileNotFoundException">
            <message>
              <![CDATA[C:\Users\2303874\OneDrive - Cognizant\Desktop\MainProject\testdata\Book1.xlsx (The process cannot access the file because it is being used by another process)]]>
            </message>
            <full-stacktrace>
              <![CDATA[java.io.FileNotFoundException: C:\Users\2303874\OneDrive - Cognizant\Desktop\MainProject\testdata\Book1.xlsx (The process cannot access the file because it is being used by another process)
at java.base/java.io.FileOutputStream.open0(Native Method)
at java.base/java.io.FileOutputStream.open(FileOutputStream.java:293)
at java.base/java.io.FileOutputStream.<init>(FileOutputStream.java:235)
at java.base/java.io.FileOutputStream.<init>(FileOutputStream.java:123)
at utilities.Excelutils.write(Excelutils.java:35)
at pageObject.Bikepage.verify(Bikepage.java:68)
at testCases.TC_01_Identifynewbikes_01.bikeVerification1(TC_01_Identifynewbikes_01.java:30)
at java.base/jdk.internal.reflect.NativeMethodAccessorImpl.invoke0(Native Method)
at java.base/jdk.internal.reflect.NativeMethodAccessorImpl.invoke(NativeMethodAccessorImpl.java:77)
at java.base/jdk.internal.reflect.DelegatingMethodAccessorImpl.invoke(DelegatingMethodAccessorImpl.java:43)
at java.base/java.lang.reflect.Method.invoke(Method.java:568)
at org.testng.internal.invokers.MethodInvocationHelper.invokeMethod(MethodInvocationHelper.java:139)
at org.testng.internal.invokers.TestInvoker.invokeMethod(TestInvoker.java:664)
at org.testng.internal.invokers.TestInvoker.invokeTestMethod(TestInvoker.java:228)
at org.testng.internal.invokers.MethodRunner.runInSequence(MethodRunner.java:63)
at org.testng.internal.invokers.TestInvoker$MethodInvocationAgent.invoke(TestInvoker.java:961)
at org.testng.internal.invokers.TestInvoker.invokeTestMethods(TestInvoker.java:201)
at org.testng.internal.invokers.TestMethodWorker.invokeTestMethods(TestMethodWorker.java:148)
at org.testng.internal.invokers.TestMethodWorker.run(TestMethodWorker.java:128)
at java.base/java.util.ArrayList.forEach(ArrayList.java:1511)
at org.testng.TestRunner.privateRun(TestRunner.java:819)
at org.testng.TestRunner.run(TestRunner.java:619)
at org.testng.SuiteRunner.runTest(SuiteRunner.java:443)
at org.testng.SuiteRunner.runSequentially(SuiteRunner.java:437)
at org.testng.SuiteRunner.privateRun(SuiteRunner.java:397)
at org.testng.SuiteRunner.run(SuiteRunner.java:336)
at org.testng.SuiteRunnerWorker.runSuite(SuiteRunnerWorker.java:52)
at org.testng.SuiteRunnerWorker.run(SuiteRunnerWorker.java:95)
at org.testng.TestNG.runSuitesSequentially(TestNG.java:1301)
at org.testng.TestNG.runSuitesLocally(TestNG.java:1228)
at org.testng.TestNG.runSuites(TestNG.java:1134)
at org.testng.TestNG.run(TestNG.java:1101)
at org.apache.maven.surefire.testng.TestNGExecutor.run(TestNGExecutor.java:308)
at org.apache.maven.surefire.testng.TestNGXmlTestSuite.execute(TestNGXmlTestSuite.java:71)
at org.apache.maven.surefire.testng.TestNGProvider.invoke(TestNGProvider.java:113)
at org.apache.maven.surefire.booter.ForkedBooter.runSuitesInProcess(ForkedBooter.java:385)
at org.apache.maven.surefire.booter.ForkedBooter.execute(ForkedBooter.java:162)
at org.apache.maven.surefire.booter.ForkedBooter.run(ForkedBooter.java:507)
at org.apache.maven.surefire.booter.ForkedBooter.main(ForkedBooter.java:495)
]]>
            </full-stacktrace>
          </exception> <!-- java.io.FileNotFoundException -->
          <reporter-output>
          </reporter-output>
        </test-method> <!-- bikeVerification1 -->
        <test-method is-config="true" signature="tearDown()[pri:0, instance:testCases.TC_01_Identifynewbikes_01@58cbafc2]" started-at="2024-02-28T15:56:27 IST" name="tearDown" finished-at="2024-02-28T15:56:28 IST" duration-ms="1325" status="PASS">
          <reporter-output>
          </reporter-output>
        </test-method> <!-- tearDown -->
      </class> <!-- testCases.TC_01_Identifynewbikes_01 -->
      <class name="testCases.TC_01_Identifynewbikes_02">
        <test-method signature="carVerification(java.lang.String)[pri:1, instance:testCases.TC_01_Identifynewbikes_02@795509d9]" started-at="2024-02-28T15:53:25 IST" name="carVerification" finished-at="2024-02-28T15:54:24 IST" duration-ms="58709" status="PASS">
          <params>
            <param index="0">
              <value>
                <![CDATA[chrome]]>
              </value>
            </param>
          </params>
          <reporter-output>
          </reporter-output>
        </test-method> <!-- carVerification -->
        <test-method signature="carVerification2(java.lang.String)[pri:2, instance:testCases.TC_01_Identifynewbikes_02@795509d9]" started-at="2024-02-28T15:54:24 IST" name="carVerification2" finished-at="2024-02-28T15:54:50 IST" duration-ms="25308" status="PASS">
          <params>
            <param index="0">
              <value>
                <![CDATA[chrome]]>
              </value>
            </param>
          </params>
          <reporter-output>
          </reporter-output>
        </test-method> <!-- carVerification2 -->
        <test-method signature="carVerification3(java.lang.String)[pri:3, instance:testCases.TC_01_Identifynewbikes_02@795509d9]" started-at="2024-02-28T15:54:50 IST" name="carVerification3" finished-at="2024-02-28T15:55:00 IST" duration-ms="9640" status="PASS">
          <params>
            <param index="0">
              <value>
                <![CDATA[chrome]]>
              </value>
            </param>
          </params>
          <reporter-output>
          </reporter-output>
        </test-method> <!-- carVerification3 -->
        <test-method signature="carVerification4(java.lang.String)[pri:4, instance:testCases.TC_01_Identifynewbikes_02@795509d9]" started-at="2024-02-28T15:55:00 IST" name="carVerification4" finished-at="2024-02-28T15:55:11 IST" duration-ms="11052" status="PASS">
          <params>
            <param index="0">
              <value>
                <![CDATA[chrome]]>
              </value>
            </param>
          </params>
          <reporter-output>
          </reporter-output>
        </test-method> <!-- carVerification4 -->
      </class> <!-- testCases.TC_01_Identifynewbikes_02 -->
      <class name="testCases.TC_01_Identifynewbikes_03">
        <test-method signature="googleVerification(java.lang.String)[pri:1, instance:testCases.TC_01_Identifynewbikes_03@53045c6c]" started-at="2024-02-28T15:55:11 IST" name="googleVerification" finished-at="2024-02-28T15:56:27 IST" duration-ms="75330" status="PASS">
          <params>
            <param index="0">
              <value>
                <![CDATA[chrome]]>
              </value>
            </param>
          </params>
          <reporter-output>
          </reporter-output>
        </test-method> <!-- googleVerification -->
      </class> <!-- testCases.TC_01_Identifynewbikes_03 -->
    </test> <!-- ChromeTest -->
  </suite> <!-- Suite -->
</testng-results>
